14:11:13: Creating resource group General
14:11:13: Creating resource group Internal
14:11:13: Creating resource group Autodetect
14:11:13: SceneManagerFactory for type 'DefaultSceneManager' registered.
14:11:13: Registering ResourceManager for type Material
14:11:13: Registering ResourceManager for type Mesh
14:11:13: Registering ResourceManager for type Skeleton
14:11:13: MovableObjectFactory for type 'ParticleSystem' registered.
14:11:13: OverlayElementFactory for type Panel registered.
14:11:13: OverlayElementFactory for type BorderPanel registered.
14:11:13: OverlayElementFactory for type TextArea registered.
14:11:13: Registering ResourceManager for type Font
14:11:13: ArchiveFactory for archive type FileSystem registered.
14:11:13: ArchiveFactory for archive type Zip registered.
14:11:13: DDS codec registering
14:11:13: FreeImage version: 3.15.4
14:11:13: This program uses FreeImage, a free, open source image library supporting all common bitmap formats. See http://freeimage.sourceforge.net for details
14:11:13: Supported formats: bmp,ico,jpg,jif,jpeg,jpe,jng,koa,iff,lbm,mng,pbm,pbm,pcd,pcx,pgm,pgm,png,ppm,ppm,ras,tga,targa,tif,tiff,wap,wbmp,wbm,psd,cut,xbm,xpm,gif,hdr,g3,sgi,exr,j2k,j2c,jp2,pfm,pct,pict,pic,3fr,arw,bay,bmq,cap,cine,cr2,crw,cs1,dc2,dcr,drf,dsc,dng,erf,fff,ia,iiq,k25,kc2,kdc,mdc,mef,mos,mrw,nef,nrw,orf,pef,ptx,pxn,qtk,raf,raw,rdc,rw2,rwl,rwz,sr2,srf,srw,sti
14:11:13: Registering ResourceManager for type HighLevelGpuProgram
14:11:13: Registering ResourceManager for type Compositor
14:11:13: MovableObjectFactory for type 'Entity' registered.
14:11:13: MovableObjectFactory for type 'Light' registered.
14:11:13: MovableObjectFactory for type 'BillboardSet' registered.
14:11:13: MovableObjectFactory for type 'ManualObject' registered.
14:11:13: MovableObjectFactory for type 'BillboardChain' registered.
14:11:13: MovableObjectFactory for type 'RibbonTrail' registered.
14:11:13: Loading library /usr/lib/OGRE/RenderSystem_GL
14:11:13: Installing plugin: GL RenderSystem
14:11:13: OpenGL Rendering Subsystem created.
14:11:13: Plugin successfully installed
14:11:13: Loading library /usr/lib/OGRE/Plugin_ParticleFX
14:11:13: Installing plugin: ParticleFX
14:11:13: Particle Emitter Type 'Point' registered
14:11:13: Particle Emitter Type 'Box' registered
14:11:13: Particle Emitter Type 'Ellipsoid' registered
14:11:13: Particle Emitter Type 'Cylinder' registered
14:11:13: Particle Emitter Type 'Ring' registered
14:11:13: Particle Emitter Type 'HollowEllipsoid' registered
14:11:13: Particle Affector Type 'LinearForce' registered
14:11:13: Particle Affector Type 'ColourFader' registered
14:11:13: Particle Affector Type 'ColourFader2' registered
14:11:13: Particle Affector Type 'ColourImage' registered
14:11:13: Particle Affector Type 'ColourInterpolator' registered
14:11:13: Particle Affector Type 'Scaler' registered
14:11:13: Particle Affector Type 'Rotator' registered
14:11:13: Particle Affector Type 'DirectionRandomiser' registered
14:11:13: Particle Affector Type 'DeflectorPlane' registered
14:11:13: Plugin successfully installed
14:11:13: Loading library /usr/lib/OGRE/Plugin_BSPSceneManager
14:11:13: Installing plugin: BSP Scene Manager
14:11:13: Plugin successfully installed
14:11:13: Loading library /usr/lib/OGRE/Plugin_OctreeSceneManager
14:11:13: Installing plugin: Octree & Terrain Scene Manager
14:11:13: Plugin successfully installed
14:11:13: Loading library /usr/lib/OGRE/Plugin_CgProgramManager
14:11:13: Installing plugin: Cg Program Manager
14:11:13: Plugin successfully installed
14:11:13: *-*-* OGRE Initialising
14:11:13: *-*-* Version 1.7.2 (Cthugha)
14:11:13: Creating resource group Bootstrap
14:11:13: Added resource location 'media/packs/OgreCore.zip' of type 'Zip' to resource group 'Bootstrap'
14:11:13: Added resource location 'media' of type 'FileSystem' to resource group 'General'
14:11:13: Added resource location 'media/fonts' of type 'FileSystem' to resource group 'General'
14:11:13: Added resource location 'media/sounds' of type 'FileSystem' to resource group 'General'
14:11:13: Added resource location 'media/Audio' of type 'FileSystem' to resource group 'General'
14:11:13: Added resource location 'media/materials/programs' of type 'FileSystem' to resource group 'General'
14:11:13: Added resource location 'media/materials/scripts' of type 'FileSystem' to resource group 'General'
14:11:13: Added resource location 'media/materials/textures' of type 'FileSystem' to resource group 'General'
14:11:13: Added resource location 'media/models' of type 'FileSystem' to resource group 'General'
14:11:13: Added resource location 'media/overlays' of type 'FileSystem' to resource group 'General'
14:11:13: Added resource location 'media/particle' of type 'FileSystem' to resource group 'General'
14:11:13: Added resource location 'media/gui' of type 'FileSystem' to resource group 'General'
14:11:13: Added resource location 'media/packs/cubemap.zip' of type 'Zip' to resource group 'General'
14:11:13: Added resource location 'media/packs/cubemapsJS.zip' of type 'Zip' to resource group 'General'
14:11:13: Added resource location 'media/packs/dragon.zip' of type 'Zip' to resource group 'General'
14:11:13: Added resource location 'media/packs/fresneldemo.zip' of type 'Zip' to resource group 'General'
14:11:13: Added resource location 'media/packs/ogretestmap.zip' of type 'Zip' to resource group 'General'
14:11:13: Added resource location 'media/packs/skybox.zip' of type 'Zip' to resource group 'General'
14:11:13: CPU Identifier & Features
14:11:13: -------------------------
14:11:13:  *   CPU ID: GenuineIntel: Intel(R) Core(TM) i7-3770 CPU @ 3.40GHz
14:11:13:  *      SSE: yes
14:11:13:  *     SSE2: yes
14:11:13:  *     SSE3: yes
14:11:13:  *      MMX: yes
14:11:13:  *   MMXEXT: yes
14:11:13:  *    3DNOW: no
14:11:13:  * 3DNOWEXT: no
14:11:13:  *     CMOV: yes
14:11:13:  *      TSC: yes
14:11:13:  *      FPU: yes
14:11:13:  *      PRO: yes
14:11:13:  *       HT: no
14:11:13: -------------------------
14:11:13: ******************************
*** Starting GLX Subsystem ***
******************************
14:11:13: GLRenderSystem::_createRenderWindow "Render Window - Brian Gaunt", 1920x1080 windowed  miscParams: FSAA=0 displayFrequency=60 MHz gamma=No vsync=Yes 
14:11:13: GLXWindow::create used FBConfigID = 163
14:11:13: GL_VERSION = 2.1 Mesa 10.1.3
14:11:13: GL_VENDOR = VMware, Inc.
14:11:13: GL_RENDERER = Gallium 0.4 on SVGA3D; build: RELEASE;  
14:11:13: GL_EXTENSIONS = GL_ARB_multisample GL_EXT_abgr GL_EXT_bgra GL_EXT_blend_color GL_EXT_blend_minmax GL_EXT_blend_subtract GL_EXT_copy_texture GL_EXT_polygon_offset GL_EXT_subtexture GL_EXT_texture_object GL_EXT_vertex_array GL_EXT_compiled_vertex_array GL_EXT_texture GL_EXT_texture3D GL_IBM_rasterpos_clip GL_ARB_point_parameters GL_EXT_draw_range_elements GL_EXT_packed_pixels GL_EXT_point_parameters GL_EXT_rescale_normal GL_EXT_separate_specular_color GL_EXT_texture_edge_clamp GL_SGIS_generate_mipmap GL_SGIS_texture_border_clamp GL_SGIS_texture_edge_clamp GL_SGIS_texture_lod GL_ARB_framebuffer_sRGB GL_ARB_multitexture GL_EXT_framebuffer_sRGB GL_IBM_multimode_draw_arrays GL_IBM_texture_mirrored_repeat GL_ARB_texture_cube_map GL_ARB_texture_env_add GL_ARB_transpose_matrix GL_EXT_blend_func_separate GL_EXT_fog_coord GL_EXT_multi_draw_arrays GL_EXT_secondary_color GL_EXT_texture_env_add GL_EXT_texture_filter_anisotropic GL_EXT_texture_lod_bias GL_INGR_blend_func_separate GL_NV_blend_square GL_NV_light_max_exponent GL_NV_texgen_reflection GL_NV_texture_env_combine4 GL_S3_s3tc GL_SUN_multi_draw_arrays GL_ARB_texture_border_clamp GL_ARB_texture_compression GL_EXT_framebuffer_object GL_EXT_texture_compression_s3tc GL_EXT_texture_env_combine GL_EXT_texture_env_dot3 GL_MESA_window_pos GL_NV_packed_depth_stencil GL_NV_texture_rectangle GL_ARB_depth_texture GL_ARB_occlusion_query GL_ARB_shadow GL_ARB_texture_env_combine GL_ARB_texture_env_crossbar GL_ARB_texture_env_dot3 GL_ARB_texture_mirrored_repeat GL_ARB_window_pos GL_EXT_stencil_two_side GL_EXT_texture_cube_map GL_NV_fog_distance GL_APPLE_packed_pixels GL_APPLE_vertex_array_object GL_ARB_draw_buffers GL_ARB_fragment_program GL_ARB_fragment_shader GL_ARB_shader_objects GL_ARB_vertex_program GL_ARB_vertex_shader GL_ATI_draw_buffers GL_ATI_texture_env_combine3 GL_ATI_texture_float GL_EXT_shadow_funcs GL_EXT_stencil_wrap GL_MESA_pack_invert GL_NV_primitive_restart GL_ARB_fragment_program_shadow GL_ARB_half_float_pixel GL_ARB_occlusion_query2 GL_ARB_point_sprite GL_ARB_shading_language_100 GL_ARB_sync GL_ARB_texture_non_power_of_two GL_ARB_vertex_buffer_object GL_ATI_blend_equation_separate GL_EXT_blend_equation_separate GL_OES_read_format GL_ARB_color_buffer_float GL_ARB_pixel_buffer_object GL_ARB_texture_float GL_ARB_texture_rectangle GL_EXT_pixel_buffer_object GL_EXT_texture_compression_dxt1 GL_EXT_texture_rectangle GL_EXT_texture_sRGB GL_ARB_framebuffer_object GL_EXT_framebuffer_blit GL_EXT_packed_depth_stencil GL_ARB_vertex_array_object GL_ATI_separate_stencil GL_EXT_gpu_program_parameters GL_EXT_texture_sRGB_decode GL_OES_EGL_image GL_ARB_copy_buffer GL_ARB_half_float_vertex GL_ARB_map_buffer_range GL_ARB_texture_swizzle GL_ARB_vertex_array_bgra GL_EXT_texture_swizzle GL_EXT_vertex_array_bgra GL_ARB_ES2_compatibility GL_ARB_debug_output GL_ARB_draw_elements_base_vertex GL_ARB_explicit_attrib_location GL_ARB_fragment_coord_conventions GL_ARB_provoking_vertex GL_ARB_sampler_objects GL_ARB_shader_texture_lod GL_EXT_provoking_vertex GL_ARB_get_program_binary GL_ARB_robustness GL_NV_vdpau_interop GL_ANGLE_texture_compression_dxt3 GL_ANGLE_texture_compression_dxt5 GL_ARB_internalformat_query GL_ARB_map_buffer_alignment GL_ARB_texture_storage GL_AMD_shader_trinary_minmax GL_ARB_clear_buffer_object GL_ARB_invalidate_subdata GL_ARB_vertex_attrib_binding GL_KHR_debug 
14:11:13: Supported GLX extensions: GLX_ARB_create_context GLX_ARB_create_context_profile GLX_ARB_fbconfig_float GLX_ARB_framebuffer_sRGB GLX_ARB_get_proc_address GLX_ARB_multisample GLX_EXT_import_context GLX_EXT_visual_info GLX_EXT_visual_rating GLX_EXT_framebuffer_sRGB GLX_EXT_create_context_es2_profile GLX_MESA_copy_sub_buffer GLX_MESA_multithread_makecurrent GLX_MESA_swap_control GLX_OML_swap_method GLX_SGI_make_current_read GLX_SGI_video_sync GLX_SGIS_multisample GLX_SGIX_fbconfig GLX_SGIX_pbuffer GLX_SGIX_visual_select_group GLX_EXT_texture_from_pixmap 
14:11:13: ***************************
14:11:13: *** GL Renderer Started ***
14:11:13: ***************************
14:11:13: Registering ResourceManager for type GpuProgram
14:11:13: GLSL support detected
14:11:13: GL: Using GL_EXT_framebuffer_object for rendering to textures (best)
14:11:13: FBO PF_UNKNOWN depth/stencil support: D0S1 D0S4 D0S8 D0S16 D16S0 D24S0 D32S0 Packed-D24S8 
14:11:13: FBO PF_L8 depth/stencil support: D0S0 D0S1 D0S4 D0S8 D0S16 D16S0 D24S0 D32S0 Packed-D24S8 
14:11:13: FBO PF_L16 depth/stencil support: D0S0 D0S1 D0S4 D0S8 D0S16 D16S0 D24S0 D32S0 Packed-D24S8 
14:11:13: FBO PF_A8 depth/stencil support: D0S0 D0S1 D0S4 D0S8 D0S16 D16S0 D24S0 D32S0 Packed-D24S8 
14:11:13: FBO PF_A4L4 depth/stencil support: D0S0 D0S1 D0S4 D0S8 D0S16 D16S0 D24S0 D32S0 Packed-D24S8 
14:11:13: FBO PF_BYTE_LA depth/stencil support: D0S0 D0S1 D0S4 D0S8 D0S16 D16S0 D24S0 D32S0 Packed-D24S8 
14:11:13: FBO PF_R8G8B8 depth/stencil support: D0S0 D0S1 D0S4 D0S8 D0S16 D16S0 D24S0 D32S0 Packed-D24S8 
14:11:13: FBO PF_B8G8R8 depth/stencil support: D0S0 D0S1 D0S4 D0S8 D0S16 D16S0 D24S0 D32S0 Packed-D24S8 
14:11:13: FBO PF_A8R8G8B8 depth/stencil support: D0S0 D0S1 D0S4 D0S8 D0S16 D16S0 D24S0 D32S0 Packed-D24S8 
14:11:13: FBO PF_B8G8R8A8 depth/stencil support: D0S0 D0S1 D0S4 D0S8 D0S16 D16S0 D24S0 D32S0 Packed-D24S8 
14:11:13: FBO PF_A2R10G10B10 depth/stencil support: D0S0 D0S1 D0S4 D0S8 D0S16 D16S0 D24S0 D32S0 Packed-D24S8 
14:11:13: FBO PF_A2B10G10R10 depth/stencil support: D0S0 D0S1 D0S4 D0S8 D0S16 D16S0 D24S0 D32S0 Packed-D24S8 
14:11:13: FBO PF_FLOAT16_RGB depth/stencil support: D0S0 D0S1 D0S4 D0S8 D0S16 D16S0 D24S0 D32S0 Packed-D24S8 
14:11:13: FBO PF_FLOAT16_RGBA depth/stencil support: D0S0 D0S1 D0S4 D0S8 D0S16 D16S0 D24S0 D32S0 Packed-D24S8 
14:11:13: FBO PF_FLOAT32_RGB depth/stencil support: D0S0 D0S1 D0S4 D0S8 D0S16 D16S0 D24S0 D32S0 Packed-D24S8 
14:11:13: FBO PF_FLOAT32_RGBA depth/stencil support: D0S0 D0S1 D0S4 D0S8 D0S16 D16S0 D24S0 D32S0 Packed-D24S8 
14:11:13: FBO PF_X8R8G8B8 depth/stencil support: D0S0 D0S1 D0S4 D0S8 D0S16 D16S0 D24S0 D32S0 Packed-D24S8 
14:11:13: FBO PF_X8B8G8R8 depth/stencil support: D0S0 D0S1 D0S4 D0S8 D0S16 D16S0 D24S0 D32S0 Packed-D24S8 
14:11:13: FBO PF_SHORT_RGBA depth/stencil support: D0S0 D0S1 D0S4 D0S8 D0S16 D16S0 D24S0 D32S0 Packed-D24S8 
14:11:13: FBO PF_R3G3B2 depth/stencil support: D0S0 D0S1 D0S4 D0S8 D0S16 D16S0 D24S0 D32S0 Packed-D24S8 
14:11:13: FBO PF_FLOAT16_R depth/stencil support: D0S0 D0S1 D0S4 D0S8 D0S16 D16S0 D24S0 D32S0 Packed-D24S8 
14:11:13: FBO PF_FLOAT32_R depth/stencil support: D0S0 D0S1 D0S4 D0S8 D0S16 D16S0 D24S0 D32S0 Packed-D24S8 
14:11:13: FBO PF_SHORT_GR depth/stencil support: D0S0 D0S1 D0S4 D0S8 D0S16 D16S0 D24S0 D32S0 Packed-D24S8 
14:11:13: FBO PF_FLOAT16_GR depth/stencil support: D0S0 D0S1 D0S4 D0S8 D0S16 D16S0 D24S0 D32S0 Packed-D24S8 
14:11:13: FBO PF_FLOAT32_GR depth/stencil support: D0S0 D0S1 D0S4 D0S8 D0S16 D16S0 D24S0 D32S0 Packed-D24S8 
14:11:13: FBO PF_SHORT_RGB depth/stencil support: D0S0 D0S1 D0S4 D0S8 D0S16 D16S0 D24S0 D32S0 Packed-D24S8 
14:11:13: [GL] : Valid FBO targets PF_UNKNOWN PF_L8 PF_L16 PF_A8 PF_A4L4 PF_BYTE_LA PF_R8G8B8 PF_B8G8R8 PF_A8R8G8B8 PF_B8G8R8A8 PF_A2R10G10B10 PF_A2B10G10R10 PF_FLOAT16_RGB PF_FLOAT16_RGBA PF_FLOAT32_RGB PF_FLOAT32_RGBA PF_X8R8G8B8 PF_X8B8G8R8 PF_SHORT_RGBA PF_R3G3B2 PF_FLOAT16_R PF_FLOAT32_R PF_SHORT_GR PF_FLOAT16_GR PF_FLOAT32_GR PF_SHORT_RGB 
14:11:13: RenderSystem capabilities
14:11:13: -------------------------
14:11:13: RenderSystem Name: OpenGL Rendering Subsystem
14:11:13: GPU Vendor: unknown
14:11:13: Device Name: Gallium 0.4 on SVGA3D; build: RELEASE;  
14:11:13: Driver Version: 2.1.0.0
14:11:13:  * Fixed function pipeline: yes
14:11:13:  * Hardware generation of mipmaps: yes
14:11:13:  * Texture blending: yes
14:11:13:  * Anisotropic texture filtering: yes
14:11:13:  * Dot product texture operation: yes
14:11:13:  * Cube mapping: yes
14:11:13:  * Hardware stencil buffer: yes
14:11:13:    - Stencil depth: 8
14:11:13:    - Two sided stencil support: yes
14:11:13:    - Wrap stencil values: yes
14:11:13:  * Hardware vertex / index buffers: yes
14:11:13:  * Vertex programs: yes
14:11:13:  * Number of floating-point constants for vertex programs: 256
14:11:13:  * Number of integer constants for vertex programs: 0
14:11:13:  * Number of boolean constants for vertex programs: 0
14:11:13:  * Fragment programs: yes
14:11:13:  * Number of floating-point constants for fragment programs: 224
14:11:13:  * Number of integer constants for fragment programs: 0
14:11:13:  * Number of boolean constants for fragment programs: 0
14:11:13:  * Geometry programs: no
14:11:13:  * Number of floating-point constants for geometry programs: 0
14:11:13:  * Number of integer constants for geometry programs: 0
14:11:13:  * Number of boolean constants for geometry programs: 0
14:11:13:  * Supported Shader Profiles: arbfp1 arbvp1 glsl
14:11:13:  * Texture Compression: yes
14:11:13:    - DXT: yes
14:11:13:    - VTC: no
14:11:13:    - PVRTC: no
14:11:13:  * Scissor Rectangle: yes
14:11:13:  * Hardware Occlusion Query: yes
14:11:13:  * User clip planes: yes
14:11:13:  * VET_UBYTE4 vertex element type: yes
14:11:13:  * Infinite far plane projection: yes
14:11:13:  * Hardware render-to-texture: yes
14:11:13:  * Floating point textures: yes
14:11:13:  * Non-power-of-two textures: yes
14:11:13:  * Volume textures: yes
14:11:13:  * Multiple Render Targets: 4
14:11:13:    - With different bit depths: yes
14:11:13:  * Point Sprites: yes
14:11:13:  * Extended point parameters: yes
14:11:13:  * Max Point Size: 80
14:11:13:  * Vertex texture fetch: no
14:11:13:  * Number of world matrices: 0
14:11:13:  * Number of texture units: 16
14:11:13:  * Stencil buffer depth: 8
14:11:13:  * Number of vertex blend matrices: 0
14:11:13:  * Render to Vertex Buffer : no
14:11:13:  * GL 1.5 without VBO workaround: no
14:11:13:  * Frame Buffer objects: yes
14:11:13:  * Frame Buffer objects (ARB extension): no
14:11:13:  * Frame Buffer objects (ATI extension): no
14:11:13:  * PBuffer support: yes
14:11:13:  * GL 1.5 without HW-occlusion workaround: no
14:11:13: Registering ResourceManager for type Texture
14:11:13: DefaultWorkQueue('Root') initialising on thread 7f1d44e38740.
14:11:13: DefaultWorkQueue('Root')::WorkerFunc - thread 7f1d22bec700 starting.
14:11:13: Particle Renderer Type 'billboard' registered
14:11:13: SceneManagerFactory for type 'BspSceneManager' registered.
14:11:13: Registering ResourceManager for type BspLevel
14:11:13: SceneManagerFactory for type 'OctreeSceneManager' registered.
14:11:13: SceneManagerFactory for type 'TerrainSceneManager' registered.
14:11:13: DefaultWorkQueue('Root')::WorkerFunc - thread 7f1d2103b700 starting.
14:11:13: Parsing scripts for resource group Autodetect
14:11:13: Finished parsing scripts for resource group Autodetect
14:11:13: Parsing scripts for resource group Bootstrap
14:11:13: Parsing script OgreCore.material
14:11:13: Parsing script OgreProfiler.material
14:11:13: Parsing script Ogre.fontdef
14:11:13: Parsing script OgreDebugPanel.overlay
14:11:13: Texture: New_Ogre_Border_Center.png: Loading 1 faces(PF_A8R8G8B8,256x128x1) with 5 hardware generated mipmaps from Image. Internal format is PF_A8R8G8B8,256x128x1.
14:11:13: Texture: New_Ogre_Border.png: Loading 1 faces(PF_A8R8G8B8,256x256x1) with 5 hardware generated mipmaps from Image. Internal format is PF_A8R8G8B8,256x256x1.
14:11:13: Texture: New_Ogre_Border_Break.png: Loading 1 faces(PF_A8R8G8B8,32x32x1) with 5 hardware generated mipmaps from Image. Internal format is PF_A8R8G8B8,32x32x1.
14:11:13: Texture: ogretext.png: Loading 1 faces(PF_A8R8G8B8,256x128x1) with 5 hardware generated mipmaps from Image. Internal format is PF_A8R8G8B8,256x128x1.
14:11:13: Parsing script OgreLoadingPanel.overlay
14:11:13: Finished parsing scripts for resource group Bootstrap
14:11:13: Parsing scripts for resource group General
14:11:13: Parsing script StdQuad_vp.program
14:11:13: Parsing script Examples.program
14:11:13: GLSL compiled : Ogre/BasicVertexPrograms/AmbientOneTextureGLSL
14:11:13: GLSL compiled : Ogre/HardwareSkinningTwoWeightsGLSL
14:11:13: Parsing script Examples-Advanced.material
14:11:13: Compiler error: object unsupported by render system in Examples-Advanced.material(381)
14:11:13: Parsing script CGSwizzle.material
14:11:13: Parsing script Halftone.material
14:11:13: Parsing script IsoSurf.material
14:11:13: Parsing script OffsetMapping.material
14:11:13: Compiler error: object unsupported by render system in OffsetMapping.material(18)
14:11:13: GLSL compiled : Examples/OffsetMappingIntegratedShadowsFPglsl
14:11:13: GLSL compiled : Examples/OffsetMappingIntegratedShadowsVPglsl
14:11:13: Parsing script RadialBlur.material
14:11:13: Parsing script Tiling.material
14:11:13: Parsing script SharpenEdges.material
14:11:13: Parsing script Example-Water.material
14:11:13: Parsing script Laplace.material
14:11:13: Parsing script DOF.material
14:11:13: Parsing script Invert.material
14:11:13: Parsing script smoke.material
14:11:13: Parsing script pssm.material
14:11:13: Parsing script ParticleGS.material
14:11:13: Parsing script Example-DynTex.material
14:11:13: Parsing script Embossed.material
14:11:13: Parsing script ASCII.material
14:11:13: Parsing script Example.material
14:11:13: OGRE EXCEPTION(2:InvalidParametersException): Parameter called camObjPos does not exist.  in GpuProgramParameters::_findNamedConstantDefinition at /home/anderen2/build/ogre/OgreMain/src/OgreGpuProgramParams.cpp (line 1433)
14:11:13: Compiler error: invalid parameters in Example.material(761): setting of constant failed
14:11:13: GLSL compiled : Ogre/HardwareSkinningTwoWeightsShadowCasterGLSL
14:11:13: Parsing script HeatVision.material
14:11:13: Parsing script Ocean.material
14:11:13: GLSL compiled : GLSL/OceanVS
14:11:13: GLSL compiled : GLSL/OceanFS
14:11:13: GLSL compiled : GLSL/Ocean2VS
14:11:13: GLSL compiled : GLSL/Ocean2FS
14:11:13: Parsing script MotionBlur.material
14:11:13: Parsing script hdr.material
14:11:13: GLSL compiled : Ogre/Compositor/HDR/downscale2x2LuminenceGLSL_fp
14:11:13: GLSL compiled : Ogre/Compositor/StdQuad_GLSL_vp
14:11:13: GLSL compiled : Ogre/Compositor/HDR/downscale3x3GLSL_fp
14:11:13: GLSL compiled : Ogre/Compositor/HDR/utils_fp
14:11:13: GLSL compiled : Ogre/Compositor/HDR/downscale3x3brightpassGLSL_fp
14:11:13: GLSL compiled : Ogre/Compositor/HDR/bloomGLSL_fp
14:11:13: GLSL compiled : Ogre/Compositor/HDR/utils_fp
14:11:13: GLSL compiled : Ogre/Compositor/HDR/finaltonemappingGLSL_fp
14:11:13: Parsing script DepthShadowmap.material
14:11:13: GLSL compiled : Ogre/DepthShadowmap/CasterVP_GLSL
14:11:13: GLSL compiled : Ogre/DepthShadowmap/CasterFP_GLSL
14:11:13: GLSL compiled : Ogre/DepthShadowmap/ReceiverVP_GLSL
14:11:13: GLSL compiled : Ogre/DepthShadowmap/ReceiverFP_GLSL
14:11:13: GLSL compiled : Ogre/DepthShadowmap/ReceiverFPPCF_GLSL
14:11:13: GLSL compiled : Ogre/DepthShadowmap/NormalMapReceiverVP_GLSL
14:11:13: GLSL compiled : Ogre/DepthShadowmap/NormalMapReceiverFP_GLSL
14:11:13: GLSL compiled : Ogre/DepthShadowmap/NormalMapReceiverFPPCF_GLSL
14:11:13: Parsing script NightVision.material
14:11:13: Parsing script MRTtest.material
14:11:13: GLSL compiled : Ogre/MRTtest/scenefp/GLSL
14:11:13: GLSL compiled : Ogre/MRTtest/quadfp/GLSL
14:11:13: Parsing script Glass.material
14:11:13: Parsing script instancing.material
14:11:13: GLSL compiled : InstancingGLSL
14:11:13: GLSL compiled : InstancingShadowCasterGLSL
14:11:13: GLSL compiled : CrowdGLSL
14:11:13: GLSL compiled : CrowdShadowCasterGLSL
14:11:13: Parsing script Posterize.material
14:11:13: Parsing script OldMovie.material
14:11:13: Parsing script ASMSwizzle.material
14:11:13: Compiler error: object unsupported by render system in ASMSwizzle.material(1)
14:11:13: Parsing script GLSLSwizzle.material
14:11:13: GLSL compiled : Ogre/GPTest/Passthrough_VP_GLSL
14:11:13: Parsing script OldTV.material
14:11:13: Parsing script Dither.material
14:11:13: Parsing script RZR-002.material
14:11:13: Parsing script Hurt.material
14:11:13: Parsing script BlackAndWhite.material
14:11:13: Parsing script Bloom.material
14:11:13: GLSL compiled : Blur_ps_glsl
14:11:13: GLSL compiled : Blur0_vs_glsl
14:11:13: GLSL compiled : Blur1_vs_glsl
14:11:13: Parsing script Ogre.material
14:11:13: Parsing script Bloom2.material
14:11:13: GLSL compiled : Bloom2_ps20_glsl
14:11:13: Parsing script VarianceShadowmap.material
14:11:14: Parsing script facial.material
14:11:14: Parsing script PythonOgreDebugPanel.material
14:11:14: Parsing script RomanBath.material
14:11:14: Parsing script emitted_emitter.particle
14:11:14: Parsing script Example.particle
14:11:14: Parsing script Example-Water.particle
14:11:14: Parsing script smoke.particle
14:11:14: Parsing script Examples.compositor
14:11:14: Parsing script sample.fontdef
14:11:14: Parsing script Compositor.overlay
14:11:14: Parsing script DP3.overlay
14:11:14: Parsing script Example-DynTex.overlay
14:11:14: Parsing script Shadows.overlay
14:11:14: Parsing script PythonOgreDebugPanel.overlay
14:11:14: Texture: popanel.png: Loading 1 faces(PF_A8R8G8B8,638x90x1) with 5 hardware generated mipmaps from Image. Internal format is PF_A8R8G8B8,638x90x1.
14:11:14: Parsing script Example-CubeMapping.overlay
14:11:14: Parsing script Example-Water.overlay
14:11:14: Finished parsing scripts for resource group General
14:11:14: Parsing scripts for resource group Internal
14:11:14: Finished parsing scripts for resource group Internal
14:11:14: Texture: NoiseVolume.dds: Loading 1 faces(PF_L8,128x128x128) with 5 hardware generated mipmaps from Image. Internal format is PF_L8,128x128x128.
14:11:14: Texture: morning.jpg: Loading 6 faces(PF_R8G8B8,512x512x1) with 5 hardware generated mipmaps from multiple Images. Internal format is PF_X8R8G8B8,512x512x1.
14:11:14: Texture: morning_fr.jpg: Loading 1 faces(PF_R8G8B8,512x512x1) with 5 hardware generated mipmaps from Image. Internal format is PF_X8R8G8B8,512x512x1.
14:11:14: Texture: morning_bk.jpg: Loading 1 faces(PF_R8G8B8,512x512x1) with 5 hardware generated mipmaps from Image. Internal format is PF_X8R8G8B8,512x512x1.
14:11:14: Texture: morning_lf.jpg: Loading 1 faces(PF_R8G8B8,512x512x1) with 5 hardware generated mipmaps from Image. Internal format is PF_X8R8G8B8,512x512x1.
14:11:14: Texture: morning_rt.jpg: Loading 1 faces(PF_R8G8B8,512x512x1) with 5 hardware generated mipmaps from Image. Internal format is PF_X8R8G8B8,512x512x1.
14:11:14: Texture: morning_up.jpg: Loading 1 faces(PF_R8G8B8,512x512x1) with 5 hardware generated mipmaps from Image. Internal format is PF_X8R8G8B8,512x512x1.
14:11:14: Texture: morning_dn.jpg: Loading 1 faces(PF_R8G8B8,512x512x1) with 5 hardware generated mipmaps from Image. Internal format is PF_X8R8G8B8,512x512x1.
14:11:14: Mesh: Loading carrier.mesh.
14:11:14: WARNING: carrier.mesh is an older format ([MeshSerializer_v1.40]); you should upgrade it as soon as possible using the OgreMeshUpgrade tool.
14:11:14: Can't assign material DECK_WHITE/SOLID/TEX/ecslDark.bmp/VertCol to SubEntity of Carrier0 because this Material does not exist. Have you forgotten to define it in a .material script?
14:11:14: Can't assign material RED/SOLID/TEX/ecslDark.bmp/VertCol to SubEntity of Carrier0 because this Material does not exist. Have you forgotten to define it in a .material script?
14:11:14: Can't assign material WHITE/SOLID/TEX/ecslDark.bmp/VertCol to SubEntity of Carrier0 because this Material does not exist. Have you forgotten to define it in a .material script?
14:11:14: Can't assign material ATT_ARRAY/SOLID/TEX/ecslDark.bmp/VertCol to SubEntity of Carrier0 because this Material does not exist. Have you forgotten to define it in a .material script?
14:11:14: Can't assign material PADSBOX211/SOLID/TEX/ecslDark.bmp/VertCol to SubEntity of Carrier0 because this Material does not exist. Have you forgotten to define it in a .material script?
14:11:14: Can't assign material DEF_4/SOLID/TEX/ecslDark.bmp/VertCol to SubEntity of Carrier0 because this Material does not exist. Have you forgotten to define it in a .material script?
14:11:14: Can't assign material CLUTTER/SOLID/TEX/ecslDark.bmp/VertCol to SubEntity of Carrier0 because this Material does not exist. Have you forgotten to define it in a .material script?
14:11:14: Can't assign material DEF_2/SOLID/TEX/ecslDark.bmp/VertCol to SubEntity of Carrier0 because this Material does not exist. Have you forgotten to define it in a .material script?
14:11:14: Can't assign material YELLOW/SOLID/TEX/ecslDark.bmp/VertCol to SubEntity of Carrier0 because this Material does not exist. Have you forgotten to define it in a .material script?
14:11:14: Can't assign material DEF_1/SOLID/TEX/ecslDark.bmp/VertCol to SubEntity of Carrier0 because this Material does not exist. Have you forgotten to define it in a .material script?
14:11:14: Can't assign material FLIGHT-DECK/SOLID/TEX/ecslDark.bmp/VertCol to SubEntity of Carrier0 because this Material does not exist. Have you forgotten to define it in a .material script?
14:11:14: Can't assign material HULL/SOLID/TEX/ecslDark.bmp/VertCol to SubEntity of Carrier0 because this Material does not exist. Have you forgotten to define it in a .material script?
14:11:14: Can't assign material CAT-TRACK/SOLID/TEX/ecslDark.bmp/VertCol to SubEntity of Carrier0 because this Material does not exist. Have you forgotten to define it in a .material script?
14:11:14: Texture: RustyBarrel.png: Loading 1 faces(PF_R8G8B8,256x256x1) with 5 hardware generated mipmaps from Image. Internal format is PF_X8R8G8B8,256x256x1.
14:11:14: Mesh: Loading sleek.mesh.
14:11:14: WARNING: sleek.mesh is an older format ([MeshSerializer_v1.40]); you should upgrade it as soon as possible using the OgreMeshUpgrade tool.
14:11:14: Can't assign material DD21-Cabin-X/SOLID/TEX/ecsl.bmp to SubEntity of Sleek1 because this Material does not exist. Have you forgotten to define it in a .material script?
14:11:14: Can't assign material DD21-Cabin-Cubic/SOLID/TEX/ecsl.bmp to SubEntity of Sleek1 because this Material does not exist. Have you forgotten to define it in a .material script?
14:11:14: Can't assign material DD21-Arrays/SOLID/TEX/ecsl.bmp to SubEntity of Sleek1 because this Material does not exist. Have you forgotten to define it in a .material script?
14:11:14: Can't assign material DD21-Helo-Deck/SOLID/TEX/ecsl.bmp to SubEntity of Sleek1 because this Material does not exist. Have you forgotten to define it in a .material script?
14:11:14: Can't assign material DD21-Main-Rim/SOLID/TEX/ecsl.bmp to SubEntity of Sleek1 because this Material does not exist. Have you forgotten to define it in a .material script?
14:11:14: Can't assign material DD21-Main-Deck/SOLID/TEX/ecsl.bmp to SubEntity of Sleek1 because this Material does not exist. Have you forgotten to define it in a .material script?
14:11:14: Can't assign material DD21-Pipe/SOLID/TEX/ecsl.bmp to SubEntity of Sleek1 because this Material does not exist. Have you forgotten to define it in a .material script?
14:11:14: Can't assign material DD21-Cabin-Z/SOLID/TEX/ecsl.bmp to SubEntity of Sleek1 because this Material does not exist. Have you forgotten to define it in a .material script?
14:11:14: Can't assign material DD21-Dark-Hatche/SOLID/TEX/ecsl.bmp to SubEntity of Sleek1 because this Material does not exist. Have you forgotten to define it in a .material script?
14:11:14: Can't assign material DD21-Main-Hull/SOLID/TEX/ecsl.bmp to SubEntity of Sleek1 because this Material does not exist. Have you forgotten to define it in a .material script?
14:11:14: Can't assign material DD21-White/SOLID/TEX/ecsl.bmp to SubEntity of Sleek1 because this Material does not exist. Have you forgotten to define it in a .material script?
14:11:14: Mesh: Loading sailboat.mesh.
14:11:14: WARNING: sailboat.mesh is an older format ([MeshSerializer_v1.40]); you should upgrade it as soon as possible using the OgreMeshUpgrade tool.
14:11:14: Can't assign material Wood_Lumber_ButtJoined to SubEntity of Sail Boat2 because this Material does not exist. Have you forgotten to define it in a .material script?
14:11:14: Can't assign material Color_002 to SubEntity of Sail Boat2 because this Material does not exist. Have you forgotten to define it in a .material script?
14:11:14: Mesh: Loading missile.mesh.
14:11:14: WARNING: missile.mesh is an older format ([MeshSerializer_v1.40]); you should upgrade it as soon as possible using the OgreMeshUpgrade tool.
14:11:14: Can't assign material Metal to SubEntity of Missile3 because this Material does not exist. Have you forgotten to define it in a .material script?
14:11:14: Mesh: Loading cigarette.mesh.
14:11:14: WARNING: cigarette.mesh is an older format ([MeshSerializer_v1.40]); you should upgrade it as soon as possible using the OgreMeshUpgrade tool.
14:11:14: Can't assign material SOLID/TEX/ecslHorizontal.bmp to SubEntity of Cigarette Boat4 because this Material does not exist. Have you forgotten to define it in a .material script?
14:11:14: Mesh: Loading boat.mesh.
14:11:14: WARNING: boat.mesh is an older format ([MeshSerializer_v1.40]); you should upgrade it as soon as possible using the OgreMeshUpgrade tool.
14:11:14: Can't assign material wood/SOLID/TEX/ecsl.bmp to SubEntity of Boat5 because this Material does not exist. Have you forgotten to define it in a .material script?
14:11:14: Can't assign material silver/SOLID/TEX/ecsl.bmp to SubEntity of Boat5 because this Material does not exist. Have you forgotten to define it in a .material script?
14:11:14: Can't assign material color/SOLID/TEX/ecsl.bmp to SubEntity of Boat5 because this Material does not exist. Have you forgotten to define it in a .material script?
14:11:14: Can't assign material carpet/SOLID/TEX/ecsl.bmp to SubEntity of Boat5 because this Material does not exist. Have you forgotten to define it in a .material script?
14:11:14: Can't assign material dash/SOLID/TEX/ecsl.bmp to SubEntity of Boat5 because this Material does not exist. Have you forgotten to define it in a .material script?
14:11:14: Can't assign material glass/SOLID/TEX/ecsl.bmp to SubEntity of Boat5 because this Material does not exist. Have you forgotten to define it in a .material script?
14:11:14: Can't assign material hardwhit/SOLID/TEX/ecsl.bmp to SubEntity of Boat5 because this Material does not exist. Have you forgotten to define it in a .material script?
14:11:14: Can't assign material color2/SOLID/TEX/ecsl.bmp to SubEntity of Boat5 because this Material does not exist. Have you forgotten to define it in a .material script?
14:11:14: Can't assign material black/SOLID/TEX/ecsl.bmp to SubEntity of Boat5 because this Material does not exist. Have you forgotten to define it in a .material script?
14:11:14: Can't assign material instru/SOLID/TEX/ecsl.bmp to SubEntity of Boat5 because this Material does not exist. Have you forgotten to define it in a .material script?
14:11:14: Can't assign material steel/SOLID/TEX/ecsl.bmp to SubEntity of Boat5 because this Material does not exist. Have you forgotten to define it in a .material script?
14:11:14: Can't assign material wall/SOLID/TEX/ecsl.bmp to SubEntity of Boat5 because this Material does not exist. Have you forgotten to define it in a .material script?
14:11:14: Can't assign material softtuff/SOLID/TEX/ecsl.bmp to SubEntity of Boat5 because this Material does not exist. Have you forgotten to define it in a .material script?
14:11:14: Mesh: Loading jetski.mesh.
14:11:14: WARNING: jetski.mesh is an older format ([MeshSerializer_v1.40]); you should upgrade it as soon as possible using the OgreMeshUpgrade tool.
14:11:14: Can't assign material back to SubEntity of Jet Ski6 because this Material does not exist. Have you forgotten to define it in a .material script?
14:11:14: Can't assign material pads to SubEntity of Jet Ski6 because this Material does not exist. Have you forgotten to define it in a .material script?
14:11:14: Can't assign material fuelgage to SubEntity of Jet Ski6 because this Material does not exist. Have you forgotten to define it in a .material script?
14:11:14: Can't assign material gascap to SubEntity of Jet Ski6 because this Material does not exist. Have you forgotten to define it in a .material script?
14:11:14: Can't assign material gascap2 to SubEntity of Jet Ski6 because this Material does not exist. Have you forgotten to define it in a .material script?
14:11:14: Can't assign material housng2 to SubEntity of Jet Ski6 because this Material does not exist. Have you forgotten to define it in a .material script?
14:11:14: Can't assign material housng3 to SubEntity of Jet Ski6 because this Material does not exist. Have you forgotten to define it in a .material script?
14:11:14: Can't assign material lcdscrn to SubEntity of Jet Ski6 because this Material does not exist. Have you forgotten to define it in a .material script?
14:11:14: Can't assign material rearhk2 to SubEntity of Jet Ski6 because this Material does not exist. Have you forgotten to define it in a .material script?
14:11:14: Can't assign material seat to SubEntity of Jet Ski6 because this Material does not exist. Have you forgotten to define it in a .material script?
14:11:14: Can't assign material seat2 to SubEntity of Jet Ski6 because this Material does not exist. Have you forgotten to define it in a .material script?
14:11:14: Can't assign material stbttn to SubEntity of Jet Ski6 because this Material does not exist. Have you forgotten to define it in a .material script?
14:11:14: Can't assign material stbttn2 to SubEntity of Jet Ski6 because this Material does not exist. Have you forgotten to define it in a .material script?
14:11:14: Can't assign material stop to SubEntity of Jet Ski6 because this Material does not exist. Have you forgotten to define it in a .material script?
14:11:14: Can't assign material strtrh2 to SubEntity of Jet Ski6 because this Material does not exist. Have you forgotten to define it in a .material script?
14:11:14: Can't assign material strtrh3 to SubEntity of Jet Ski6 because this Material does not exist. Have you forgotten to define it in a .material script?
14:11:14: Mesh: Loading yacht.mesh.
14:11:14: WARNING: yacht.mesh is an older format ([MeshSerializer_v1.40]); you should upgrade it as soon as possible using the OgreMeshUpgrade tool.
14:11:14: Can't assign material BLACK_mate/SOLID/TEX/ecslHorizontal.bmp to SubEntity of Yacht7 because this Material does not exist. Have you forgotten to define it in a .material script?
14:11:14: Can't assign material Black_plas/SOLID/TEX/ecslHorizontal.bmp to SubEntity of Yacht7 because this Material does not exist. Have you forgotten to define it in a .material script?
14:11:14: Can't assign material Blue_plast/SOLID/TEX/ecslHorizontal.bmp to SubEntity of Yacht7 because this Material does not exist. Have you forgotten to define it in a .material script?
14:11:14: Can't assign material boat_wood/SOLID/TEX/ecslHorizontal.bmp to SubEntity of Yacht7 because this Material does not exist. Have you forgotten to define it in a .material script?
14:11:14: Can't assign material Chrome/SOLID/TEX/ecslHorizontal.bmp to SubEntity of Yacht7 because this Material does not exist. Have you forgotten to define it in a .material script?
14:11:14: Can't assign material Glass/SOLID/TEX/ecslHorizontal.bmp to SubEntity of Yacht7 because this Material does not exist. Have you forgotten to define it in a .material script?
14:11:14: Can't assign material white_mate/SOLID/TEX/ecslHorizontal.bmp to SubEntity of Yacht7 because this Material does not exist. Have you forgotten to define it in a .material script?
14:11:14: Can't assign material White_plst/SOLID/TEX/ecslHorizontal.bmp to SubEntity of Yacht7 because this Material does not exist. Have you forgotten to define it in a .material script?
14:11:14: Can't assign material SOLID/TEX/ecslHorizontal.bmp to SubEntity of Yacht7 because this Material does not exist. Have you forgotten to define it in a .material script?
14:11:14: Mesh: Loading speedboat.mesh.
14:11:14: WARNING: speedboat.mesh is an older format ([MeshSerializer_v1.40]); you should upgrade it as soon as possible using the OgreMeshUpgrade tool.
14:11:14: Can't assign material black to SubEntity of Speed Boat8 because this Material does not exist. Have you forgotten to define it in a .material script?
14:11:14: Can't assign material steerw to SubEntity of Speed Boat8 because this Material does not exist. Have you forgotten to define it in a .material script?
14:11:14: Can't assign material color to SubEntity of Speed Boat8 because this Material does not exist. Have you forgotten to define it in a .material script?
14:11:14: Can't assign material color2 to SubEntity of Speed Boat8 because this Material does not exist. Have you forgotten to define it in a .material script?
14:11:14: Can't assign material dash to SubEntity of Speed Boat8 because this Material does not exist. Have you forgotten to define it in a .material script?
14:11:14: Can't assign material glass to SubEntity of Speed Boat8 because this Material does not exist. Have you forgotten to define it in a .material script?
14:11:14: Can't assign material hardwhit to SubEntity of Speed Boat8 because this Material does not exist. Have you forgotten to define it in a .material script?
14:11:14: Can't assign material instru to SubEntity of Speed Boat8 because this Material does not exist. Have you forgotten to define it in a .material script?
14:11:14: Can't assign material props to SubEntity of Speed Boat8 because this Material does not exist. Have you forgotten to define it in a .material script?
14:11:14: Can't assign material softtuff to SubEntity of Speed Boat8 because this Material does not exist. Have you forgotten to define it in a .material script?
14:11:14: Can't assign material steel to SubEntity of Speed Boat8 because this Material does not exist. Have you forgotten to define it in a .material script?
14:11:14: Can't assign material steerb to SubEntity of Speed Boat8 because this Material does not exist. Have you forgotten to define it in a .material script?
14:11:14: Can't assign material support to SubEntity of Speed Boat8 because this Material does not exist. Have you forgotten to define it in a .material script?
14:11:14: Can't assign material tail to SubEntity of Speed Boat8 because this Material does not exist. Have you forgotten to define it in a .material script?
14:11:14: Can't assign material wood to SubEntity of Speed Boat8 because this Material does not exist. Have you forgotten to define it in a .material script?
14:11:14: Mesh: Loading destroyer.mesh.
14:11:14: WARNING: destroyer.mesh is an older format ([MeshSerializer_v1.40]); you should upgrade it as soon as possible using the OgreMeshUpgrade tool.
14:11:14: Can't assign material C000015/SOLID/TEX/ecslHorizontal.bmp to SubEntity of Destroyer9 because this Material does not exist. Have you forgotten to define it in a .material script?
14:11:14: Can't assign material C000018/SOLID/TEX/ecslHorizontal.bmp to SubEntity of Destroyer9 because this Material does not exist. Have you forgotten to define it in a .material script?
14:11:14: Can't assign material C000013/SOLID/TEX/ecslHorizontal.bmp to SubEntity of Destroyer9 because this Material does not exist. Have you forgotten to define it in a .material script?
14:11:14: Can't assign material C000016/SOLID/TEX/ecslHorizontal.bmp to SubEntity of Destroyer9 because this Material does not exist. Have you forgotten to define it in a .material script?
14:11:14: Can't assign material C000005/SOLID/TEX/ecslHorizontal.bmp to SubEntity of Destroyer9 because this Material does not exist. Have you forgotten to define it in a .material script?
14:11:14: Can't assign material C000011/SOLID/TEX/ecslHorizontal.bmp to SubEntity of Destroyer9 because this Material does not exist. Have you forgotten to define it in a .material script?
14:11:14: Can't assign material C000017/SOLID/TEX/ecslHorizontal.bmp to SubEntity of Destroyer9 because this Material does not exist. Have you forgotten to define it in a .material script?
14:11:14: Can't assign material C000004/SOLID/TEX/ecslHorizontal.bmp to SubEntity of Destroyer9 because this Material does not exist. Have you forgotten to define it in a .material script?
14:11:14: Can't assign material C000003/SOLID/TEX/ecslHorizontal.bmp to SubEntity of Destroyer9 because this Material does not exist. Have you forgotten to define it in a .material script?
14:11:14: Can't assign material C000002/SOLID/TEX/ecslHorizontal.bmp to SubEntity of Destroyer9 because this Material does not exist. Have you forgotten to define it in a .material script?
14:11:14: Can't assign material C000012/SOLID/TEX/ecslHorizontal.bmp to SubEntity of Destroyer9 because this Material does not exist. Have you forgotten to define it in a .material script?
14:11:14: Can't assign material C000000/SOLID/TEX/ecslHorizontal.bmp to SubEntity of Destroyer9 because this Material does not exist. Have you forgotten to define it in a .material script?
14:11:14: Can't assign material C000007/SOLID/TEX/ecslHorizontal.bmp to SubEntity of Destroyer9 because this Material does not exist. Have you forgotten to define it in a .material script?
14:11:14: Can't assign material C000006/SOLID/TEX/ecslHorizontal.bmp to SubEntity of Destroyer9 because this Material does not exist. Have you forgotten to define it in a .material script?
14:11:14: Can't assign material Deck/SOLID/TEX/ecslHorizontal.bmp to SubEntity of Destroyer9 because this Material does not exist. Have you forgotten to define it in a .material script?
